
---插入BT_CAR_CNTT@ims_link   BT_CSMR_MST@ims_link       jVIN   mVIN写成一致  随便改下  jCSMR_NO jCNTT_NO
DECLARE         
     jVIN VARCHAR2(17) := 'LJD6AA248L0015314';  
    jMEID VARCHAR2(20) := '';
    jCSMR_NO VARCHAR2(16):= 'B11997823125314';
    jCNTT_NO VARCHAR2(12):= 'B14751215314';
    jMDN VARCHAR2(11) := '';
    mVIN VARCHAR2(17) := 'LJD6AA248L0015314';  
    mMEID VARCHAR2(20) := '';
BEGIN

INSERT INTO BT_CAR_CNTT@ims_link (CNTT_NO,CNTT_ST_CD,CNTT_DT,CNTT_CRGR,WHOT_DT,INSU_VSN_EON,NPLT_VSN_EON,RGST_DTM,RGST_ID,MDFY_DTM,MDFY_ID,IECL_CD,XRCL_CD,CO_CD,VIN,CORP_CD,DLR_CD,CSMR_NO,CSMC_SCN,DMS_DLR_CD)
SELECT jCNTT_NO,'8','20151009','A07V7018','20151009','N','N',SYSDATE,RGST_ID,SYSDATE,MDFY_ID,
             IECL_CD,XRCL_CD,CO_CD,jVIN,CORP_CD,dlr_cd, jCSMR_NO csmr_no,CSMC_SCN,dms_dlr_cd FROM BT_CAR_MST@ims_link
              WHERE VIN=mVIN;  


--------------- 插入 BT_CSMR_MST  ------

--DELETE BT_CSMR_MST WHERE CSMR_NO = 'B18997823111150'
 --UPDATE BT_CSMR_MST SET EML='solyonglee@gmobis.com' WHERE CSMR_NO='C2017093357739'
 --SELECT * FROM BT_CSMR_MST WHERE CSMR_NO ='C588977936580810' FOR UPDATE
 
/**/
INSERT INTO BT_CSMR_MST@ims_link (CSMR_NO,CSMR_NM,CSMR_SCN_CD,CSMR_DCRM_TYPE_CD,CSMR_DCRM_NO,HP1,HP2,EML,ZIP,WPA_CD,MPOL_CD,
                                              ADDR1,ADDR2,ADDR3,BRDY,HAK_CD,MARI_EON,SEX,RGST_DTM,RGST_ID,MDFY_DTM,MDFY_ID,
                                              CSMC_SCN,DLR_CD,CSMR_RGST_OPS,CO_CD,CORP_CD,DMS_DLR_CD,DMS_CSMR_NO)
SELECT  jCSMR_NO,'test','1','1','1511111111111111111','111','00000000','test@test.com','402560','28','402560','北京','北京','北京','19840810','8','N','M',SYSDATE,'SYSTEM',SYSDATE,'SYSTEM',
             CSMC_SCN,DLR_CD,'S',CO_CD,CORP_CD,DMS_DLR_CD,'' FROM BT_CAR_MST@ims_link WHERE VIN=mVIN;
             
             
             end;
             
             ----在更新下bt_car_mst   CSMR_NO 是上面插入的

             update bt_car_mst set  CSMR_NO='B11997823125314' where vin='LJD6AA248L0015314'